["SELECT MIN(an.name) AS cool_actor_pseudonym,\n       MIN(t.title) AS series_named_after_char\nFROM aka_name AS an,\n     cast_info AS ci,\n     company_name AS cn,\n     keyword AS k,\n     movie_companies AS mc,\n     movie_keyword AS mk,\n     name AS n,\n     title AS t\nWHERE cn.country_code ='[us]'\n  AND k.keyword ='character-name-in-title'\n  AND an.person_id = n.id\n  AND n.id = ci.person_id\n  AND ci.movie_id = t.id\n  AND t.id = mk.movie_id\n  AND mk.keyword_id = k.id\n  AND t.id = mc.movie_id\n  AND mc.company_id = cn.id\n  AND an.person_id = ci.person_id\n  AND ci.movie_id = mc.movie_id\n  AND ci.movie_id = mk.movie_id\n  AND mc.movie_id = mk.movie_id\n  AND t.episode_nr BETWEEN 8  AND 18;", {"Plan": {"Node Type": "Aggregate", "Strategy": "Plain", "Partial Mode": "Simple", "Parallel Aware": false, "Startup Cost": 1638.19, "Total Cost": 1638.2, "Plan Rows": 1, "Plan Width": 64, "Actual Startup Time": 7694.217, "Actual Total Time": 7694.217, "Actual Rows": 1, "Actual Loops": 1, "Plans": [{"Node Type": "Nested Loop", "Parent Relationship": "Outer", "Parallel Aware": false, "Join Type": "Inner", "Startup Cost": 10.25, "Total Cost": 1635.27, "Plan Rows": 584, "Plan Width": 32, "Actual Startup Time": 12.339, "Actual Total Time": 7667.443, "Actual Rows": 176762, "Actual Loops": 1, "Inner Unique": false, "Plans": [{"Node Type": "Nested Loop", "Parent Relationship": "Outer", "Parallel Aware": false, "Join Type": "Inner", "Startup Cost": 9.95, "Total Cost": 1548.72, "Plan Rows": 240, "Plan Width": 24, "Actual Startup Time": 11.854, "Actual Total Time": 6850.207, "Actual Rows": 107404, "Actual Loops": 1, "Inner Unique": true, "Plans": [{"Node Type": "Nested Loop", "Parent Relationship": "Outer", "Parallel Aware": false, "Join Type": "Inner", "Startup Cost": 9.51, "Total Cost": 1440.33, "Plan Rows": 240, "Plan Width": 20, "Actual Startup Time": 11.386, "Actual Total Time": 4446.777, "Actual Rows": 107404, "Actual Loops": 1, "Inner Unique": false, "Join Filter": "(t.id = ci.movie_id)", "Rows Removed by Join Filter": 0, "Plans": [{"Node Type": "Nested Loop", "Parent Relationship": "Outer", "Parallel Aware": false, "Join Type": "Inner", "Startup Cost": 9.07, "Total Cost": 1421.71, "Plan Rows": 11, "Plan Width": 28, "Actual Startup Time": 10.66, "Actual Total Time": 1539.826, "Actual Rows": 3396, "Actual Loops": 1, "Inner Unique": true, "Plans": [{"Node Type": "Nested Loop", "Parent Relationship": "Outer", "Parallel Aware": false, "Join Type": "Inner", "Startup Cost": 8.78, "Total Cost": 1412.79, "Plan Rows": 28, "Plan Width": 32, "Actual Startup Time": 10.652, "Actual Total Time": 1498.633, "Actual Rows": 4884, "Actual Loops": 1, "Inner Unique": false, "Join Filter": "(t.id = mc.movie_id)", "Rows Removed by Join Filter": 0, "Plans": [{"Node Type": "Nested Loop", "Parent Relationship": "Outer", "Parallel Aware": false, "Join Type": "Inner", "Startup Cost": 8.34, "Total Cost": 1409.85, "Plan Rows": 5, "Plan Width": 24, "Actual Startup Time": 10.357, "Actual Total Time": 1311.599, "Actual Rows": 2338, "Actual Loops": 1, "Inner Unique": true, "Plans": [{"Node Type": "Nested Loop", "Parent Relationship": "Outer", "Parallel Aware": false, "Join Type": "Inner", "Startup Cost": 7.91, "Total Cost": 1395.13, "Plan Rows": 32, "Plan Width": 4, "Actual Startup Time": 4.383, "Actual Total Time": 778.351, "Actual Rows": 43721, "Actual Loops": 1, "Inner Unique": false, "Plans": [{"Node Type": "Index Scan", "Parent Relationship": "Outer", "Parallel Aware": false, "Scan Direction": "Forward", "Index Name": "keyword_idx_keyword", "Relation Name": "keyword", "Alias": "k", "Startup Cost": 0.29, "Total Cost": 8.31, "Plan Rows": 1, "Plan Width": 4, "Actual Startup Time": 0.352, "Actual Total Time": 0.353, "Actual Rows": 1, "Actual Loops": 1, "Index Cond": "(keyword = 'character-name-in-title'::text)", "Rows Removed by Index Recheck": 0}, {"Node Type": "Bitmap Heap Scan", "Parent Relationship": "Inner", "Parallel Aware": false, "Relation Name": "movie_keyword", "Alias": "mk", "Startup Cost": 7.62, "Total Cost": 1382.7, "Plan Rows": 411, "Plan Width": 8, "Actual Startup Time": 4.029, "Actual Total Time": 774.608, "Actual Rows": 43721, "Actual Loops": 1, "Recheck Cond": "(keyword_id = k.id)", "Rows Removed by Index Recheck": 0, "Exact Heap Blocks": 7334, "Lossy Heap Blocks": 0, "Plans": [{"Node Type": "Bitmap Index Scan", "Parent Relationship": "Outer", "Parallel Aware": false, "Index Name": "movie_keyword_idx_keywordid", "Startup Cost": 0.0, "Total Cost": 7.51, "Plan Rows": 411, "Plan Width": 0, "Actual Startup Time": 3.364, "Actual Total Time": 3.364, "Actual Rows": 43721, "Actual Loops": 1, "Index Cond": "(keyword_id = k.id)"}]}]}, {"Node Type": "Index Scan", "Parent Relationship": "Inner", "Parallel Aware": false, "Scan Direction": "Forward", "Index Name": "title_pkey", "Relation Name": "title", "Alias": "t", "Startup Cost": 0.43, "Total Cost": 0.46, "Plan Rows": 1, "Plan Width": 20, "Actual Startup Time": 0.012, "Actual Total Time": 0.012, "Actual Rows": 0, "Actual Loops": 43721, "Index Cond": "(id = mk.movie_id)", "Rows Removed by Index Recheck": 0, "Filter": "((episode_nr >= 8) AND (episode_nr <= 18))", "Rows Removed by Filter": 0}]}, {"Node Type": "Index Scan", "Parent Relationship": "Inner", "Parallel Aware": false, "Scan Direction": "Forward", "Index Name": "movie_companies_idx_mid", "Relation Name": "movie_companies", "Alias": "mc", "Startup Cost": 0.43, "Total Cost": 0.53, "Plan Rows": 5, "Plan Width": 8, "Actual Startup Time": 0.061, "Actual Total Time": 0.079, "Actual Rows": 2, "Actual Loops": 2338, "Index Cond": "(movie_id = mk.movie_id)", "Rows Removed by Index Recheck": 0}]}, {"Node Type": "Index Scan", "Parent Relationship": "Inner", "Parallel Aware": false, "Scan Direction": "Forward", "Index Name": "company_name_pkey", "Relation Name": "company_name", "Alias": "cn", "Startup Cost": 0.3, "Total Cost": 0.32, "Plan Rows": 1, "Plan Width": 4, "Actual Startup Time": 0.008, "Actual Total Time": 0.008, "Actual Rows": 1, "Actual Loops": 4884, "Index Cond": "(id = mc.company_id)", "Rows Removed by Index Recheck": 0, "Filter": "((country_code)::text = '[us]'::text)", "Rows Removed by Filter": 0}]}, {"Node Type": "Index Scan", "Parent Relationship": "Inner", "Parallel Aware": false, "Scan Direction": "Forward", "Index Name": "cast_info_idx_mid", "Relation Name": "cast_info", "Alias": "ci", "Startup Cost": 0.44, "Total Cost": 1.2, "Plan Rows": 39, "Plan Width": 8, "Actual Startup Time": 0.063, "Actual Total Time": 0.852, "Actual Rows": 32, "Actual Loops": 3396, "Index Cond": "(movie_id = mk.movie_id)", "Rows Removed by Index Recheck": 0}]}, {"Node Type": "Index Only Scan", "Parent Relationship": "Inner", "Parallel Aware": false, "Scan Direction": "Forward", "Index Name": "name_pkey", "Relation Name": "name", "Alias": "n", "Startup Cost": 0.43, "Total Cost": 0.45, "Plan Rows": 1, "Plan Width": 4, "Actual Startup Time": 0.022, "Actual Total Time": 0.022, "Actual Rows": 1, "Actual Loops": 107404, "Index Cond": "(id = ci.person_id)", "Rows Removed by Index Recheck": 0, "Heap Fetches": 107404}]}, {"Node Type": "Index Scan", "Parent Relationship": "Inner", "Parallel Aware": false, "Scan Direction": "Forward", "Index Name": "aka_name_idx_person", "Relation Name": "aka_name", "Alias": "an", "Startup Cost": 0.3, "Total Cost": 0.34, "Plan Rows": 2, "Plan Width": 20, "Actual Startup Time": 0.006, "Actual Total Time": 0.007, "Actual Rows": 2, "Actual Loops": 107404, "Index Cond": "(person_id = n.id)", "Rows Removed by Index Recheck": 0}]}]}, "Planning Time": 3.725, "Triggers": [], "Execution Time": 7694.316, "timeout": false}]
["cn.country_code = '[us]'", 0.9548594074975476]
["k.keyword = 'character-name-in-title'", 12.374240340668193]
["t.episode_nr BETWEEN 8 AND 18", 1.7989818515911715]
