["SELECT MIN(an.name) AS cool_actor_pseudonym,\n       MIN(t.title) AS series_named_after_char\nFROM aka_name AS an,\n     cast_info AS ci,\n     company_name AS cn,\n     keyword AS k,\n     movie_companies AS mc,\n     movie_keyword AS mk,\n     name AS n,\n     title AS t\nWHERE cn.country_code ='[us]'\n  AND k.keyword ='character-name-in-title'\n  AND an.person_id = n.id\n  AND n.id = ci.person_id\n  AND ci.movie_id = t.id\n  AND t.id = mk.movie_id\n  AND mk.keyword_id = k.id\n  AND t.id = mc.movie_id\n  AND mc.company_id = cn.id\n  AND an.person_id = ci.person_id\n  AND ci.movie_id = mc.movie_id\n  AND ci.movie_id = mk.movie_id\n  AND mc.movie_id = mk.movie_id\n  AND t.episode_nr BETWEEN 8  AND 18;", {"Plan": {"Node Type": "Aggregate", "Strategy": "Plain", "Partial Mode": "Simple", "Parallel Aware": false, "Startup Cost": 1638.19, "Total Cost": 1638.2, "Plan Rows": 1, "Plan Width": 64, "Actual Startup Time": 7603.138, "Actual Total Time": 7603.138, "Actual Rows": 1, "Actual Loops": 1, "Plans": [{"Node Type": "Nested Loop", "Parent Relationship": "Outer", "Parallel Aware": false, "Join Type": "Inner", "Startup Cost": 10.25, "Total Cost": 1635.27, "Plan Rows": 584, "Plan Width": 32, "Actual Startup Time": 14.356, "Actual Total Time": 7576.118, "Actual Rows": 176762, "Actual Loops": 1, "Inner Unique": false, "Plans": [{"Node Type": "Nested Loop", "Parent Relationship": "Outer", "Parallel Aware": false, "Join Type": "Inner", "Startup Cost": 9.95, "Total Cost": 1548.72, "Plan Rows": 240, "Plan Width": 24, "Actual Startup Time": 13.677, "Actual Total Time": 6763.666, "Actual Rows": 107404, "Actual Loops": 1, "Inner Unique": true, "Plans": [{"Node Type": "Nested Loop", "Parent Relationship": "Outer", "Parallel Aware": false, "Join Type": "Inner", "Startup Cost": 9.51, "Total Cost": 1440.33, "Plan Rows": 240, "Plan Width": 20, "Actual Startup Time": 13.002, "Actual Total Time": 4363.073, "Actual Rows": 107404, "Actual Loops": 1, "Inner Unique": false, "Join Filter": "(t.id = ci.movie_id)", "Rows Removed by Join Filter": 0, "Plans": [{"Node Type": "Nested Loop", "Parent Relationship": "Outer", "Parallel Aware": false, "Join Type": "Inner", "Startup Cost": 9.07, "Total Cost": 1421.71, "Plan Rows": 11, "Plan Width": 28, "Actual Startup Time": 12.093, "Actual Total Time": 1447.666, "Actual Rows": 3396, "Actual Loops": 1, "Inner Unique": true, "Plans": [{"Node Type": "Nested Loop", "Parent Relationship": "Outer", "Parallel Aware": false, "Join Type": "Inner", "Startup Cost": 8.78, "Total Cost": 1412.79, "Plan Rows": 28, "Plan Width": 32, "Actual Startup Time": 12.08, "Actual Total Time": 1405.77, "Actual Rows": 4884, "Actual Loops": 1, "Inner Unique": false, "Join Filter": "(t.id = mc.movie_id)", "Rows Removed by Join Filter": 0, "Plans": [{"Node Type": "Nested Loop", "Parent Relationship": "Outer", "Parallel Aware": false, "Join Type": "Inner", "Startup Cost": 8.34, "Total Cost": 1409.85, "Plan Rows": 5, "Plan Width": 24, "Actual Startup Time": 11.485, "Actual Total Time": 1217.645, "Actual Rows": 2338, "Actual Loops": 1, "Inner Unique": true, "Plans": [{"Node Type": "Nested Loop", "Parent Relationship": "Outer", "Parallel Aware": false, "Join Type": "Inner", "Startup Cost": 7.91, "Total Cost": 1395.13, "Plan Rows": 32, "Plan Width": 4, "Actual Startup Time": 4.442, "Actual Total Time": 677.858, "Actual Rows": 43721, "Actual Loops": 1, "Inner Unique": false, "Plans": [{"Node Type": "Index Scan", "Parent Relationship": "Outer", "Parallel Aware": false, "Scan Direction": "Forward", "Index Name": "keyword_idx_keyword", "Relation Name": "keyword", "Alias": "k", "Startup Cost": 0.29, "Total Cost": 8.31, "Plan Rows": 1, "Plan Width": 4, "Actual Startup Time": 0.361, "Actual Total Time": 0.362, "Actual Rows": 1, "Actual Loops": 1, "Index Cond": "(keyword = 'character-name-in-title'::text)", "Rows Removed by Index Recheck": 0}, {"Node Type": "Bitmap Heap Scan", "Parent Relationship": "Inner", "Parallel Aware": false, "Relation Name": "movie_keyword", "Alias": "mk", "Startup Cost": 7.62, "Total Cost": 1382.7, "Plan Rows": 411, "Plan Width": 8, "Actual Startup Time": 4.079, "Actual Total Time": 674.031, "Actual Rows": 43721, "Actual Loops": 1, "Recheck Cond": "(keyword_id = k.id)", "Rows Removed by Index Recheck": 0, "Exact Heap Blocks": 7334, "Lossy Heap Blocks": 0, "Plans": [{"Node Type": "Bitmap Index Scan", "Parent Relationship": "Outer", "Parallel Aware": false, "Index Name": "movie_keyword_idx_keywordid", "Startup Cost": 0.0, "Total Cost": 7.51, "Plan Rows": 411, "Plan Width": 0, "Actual Startup Time": 3.421, "Actual Total Time": 3.421, "Actual Rows": 43721, "Actual Loops": 1, "Index Cond": "(keyword_id = k.id)"}]}]}, {"Node Type": "Index Scan", "Parent Relationship": "Inner", "Parallel Aware": false, "Scan Direction": "Forward", "Index Name": "title_pkey", "Relation Name": "title", "Alias": "t", "Startup Cost": 0.43, "Total Cost": 0.46, "Plan Rows": 1, "Plan Width": 20, "Actual Startup Time": 0.012, "Actual Total Time": 0.012, "Actual Rows": 0, "Actual Loops": 43721, "Index Cond": "(id = mk.movie_id)", "Rows Removed by Index Recheck": 0, "Filter": "((episode_nr >= 8) AND (episode_nr <= 18))", "Rows Removed by Filter": 0}]}, {"Node Type": "Index Scan", "Parent Relationship": "Inner", "Parallel Aware": false, "Scan Direction": "Forward", "Index Name": "movie_companies_idx_mid", "Relation Name": "movie_companies", "Alias": "mc", "Startup Cost": 0.43, "Total Cost": 0.53, "Plan Rows": 5, "Plan Width": 8, "Actual Startup Time": 0.061, "Actual Total Time": 0.08, "Actual Rows": 2, "Actual Loops": 2338, "Index Cond": "(movie_id = mk.movie_id)", "Rows Removed by Index Recheck": 0}]}, {"Node Type": "Index Scan", "Parent Relationship": "Inner", "Parallel Aware": false, "Scan Direction": "Forward", "Index Name": "company_name_pkey", "Relation Name": "company_name", "Alias": "cn", "Startup Cost": 0.3, "Total Cost": 0.32, "Plan Rows": 1, "Plan Width": 4, "Actual Startup Time": 0.008, "Actual Total Time": 0.008, "Actual Rows": 1, "Actual Loops": 4884, "Index Cond": "(id = mc.company_id)", "Rows Removed by Index Recheck": 0, "Filter": "((country_code)::text = '[us]'::text)", "Rows Removed by Filter": 0}]}, {"Node Type": "Index Scan", "Parent Relationship": "Inner", "Parallel Aware": false, "Scan Direction": "Forward", "Index Name": "cast_info_idx_mid", "Relation Name": "cast_info", "Alias": "ci", "Startup Cost": 0.44, "Total Cost": 1.2, "Plan Rows": 39, "Plan Width": 8, "Actual Startup Time": 0.063, "Actual Total Time": 0.855, "Actual Rows": 32, "Actual Loops": 3396, "Index Cond": "(movie_id = mk.movie_id)", "Rows Removed by Index Recheck": 0}]}, {"Node Type": "Index Only Scan", "Parent Relationship": "Inner", "Parallel Aware": false, "Scan Direction": "Forward", "Index Name": "name_pkey", "Relation Name": "name", "Alias": "n", "Startup Cost": 0.43, "Total Cost": 0.45, "Plan Rows": 1, "Plan Width": 4, "Actual Startup Time": 0.022, "Actual Total Time": 0.022, "Actual Rows": 1, "Actual Loops": 107404, "Index Cond": "(id = ci.person_id)", "Rows Removed by Index Recheck": 0, "Heap Fetches": 107404}]}, {"Node Type": "Index Scan", "Parent Relationship": "Inner", "Parallel Aware": false, "Scan Direction": "Forward", "Index Name": "aka_name_idx_person", "Relation Name": "aka_name", "Alias": "an", "Startup Cost": 0.3, "Total Cost": 0.34, "Plan Rows": 2, "Plan Width": 20, "Actual Startup Time": 0.006, "Actual Total Time": 0.007, "Actual Rows": 2, "Actual Loops": 107404, "Index Cond": "(person_id = n.id)", "Rows Removed by Index Recheck": 0}]}]}, "Planning Time": 3.859, "Triggers": [], "Execution Time": 7603.25, "timeout": false}]
["SELECT MIN(an.name) AS cool_actor_pseudonym,\n       MIN(t.title) AS series_named_after_char\nFROM aka_name AS an,\n     cast_info AS ci,\n     company_name AS cn,\n     keyword AS k,\n     movie_companies AS mc,\n     movie_keyword AS mk,\n     name AS n,\n     title AS t\nWHERE cn.country_code ='[us]'\n  AND k.keyword ='character-name-in-title'\n  AND an.person_id = n.id\n  AND n.id = ci.person_id\n  AND ci.movie_id = t.id\n  AND t.id = mk.movie_id\n  AND mk.keyword_id = k.id\n  AND t.id = mc.movie_id\n  AND mc.company_id = cn.id\n  AND an.person_id = ci.person_id\n  AND ci.movie_id = mc.movie_id\n  AND ci.movie_id = mk.movie_id\n  AND mc.movie_id = mk.movie_id\n  AND t.episode_nr BETWEEN 8  AND 18;", {"Plan": {"Node Type": "Aggregate", "Strategy": "Plain", "Partial Mode": "Simple", "Parallel Aware": false, "Startup Cost": 1638.19, "Total Cost": 1638.2, "Plan Rows": 1, "Plan Width": 64, "Actual Startup Time": 805.325, "Actual Total Time": 805.325, "Actual Rows": 1, "Actual Loops": 1, "Plans": [{"Node Type": "Nested Loop", "Parent Relationship": "Outer", "Parallel Aware": false, "Join Type": "Inner", "Startup Cost": 10.25, "Total Cost": 1635.27, "Plan Rows": 584, "Plan Width": 32, "Actual Startup Time": 3.965, "Actual Total Time": 780.92, "Actual Rows": 176762, "Actual Loops": 1, "Inner Unique": false, "Plans": [{"Node Type": "Nested Loop", "Parent Relationship": "Outer", "Parallel Aware": false, "Join Type": "Inner", "Startup Cost": 9.95, "Total Cost": 1548.72, "Plan Rows": 240, "Plan Width": 24, "Actual Startup Time": 3.951, "Actual Total Time": 554.474, "Actual Rows": 107404, "Actual Loops": 1, "Inner Unique": true, "Plans": [{"Node Type": "Nested Loop", "Parent Relationship": "Outer", "Parallel Aware": false, "Join Type": "Inner", "Startup Cost": 9.51, "Total Cost": 1440.33, "Plan Rows": 240, "Plan Width": 20, "Actual Startup Time": 3.937, "Actual Total Time": 272.963, "Actual Rows": 107404, "Actual Loops": 1, "Inner Unique": false, "Join Filter": "(t.id = ci.movie_id)", "Rows Removed by Join Filter": 0, "Plans": [{"Node Type": "Nested Loop", "Parent Relationship": "Outer", "Parallel Aware": false, "Join Type": "Inner", "Startup Cost": 9.07, "Total Cost": 1421.71, "Plan Rows": 11, "Plan Width": 28, "Actual Startup Time": 3.921, "Actual Total Time": 134.098, "Actual Rows": 3396, "Actual Loops": 1, "Inner Unique": true, "Plans": [{"Node Type": "Nested Loop", "Parent Relationship": "Outer", "Parallel Aware": false, "Join Type": "Inner", "Startup Cost": 8.78, "Total Cost": 1412.79, "Plan Rows": 28, "Plan Width": 32, "Actual Startup Time": 3.917, "Actual Total Time": 124.202, "Actual Rows": 4884, "Actual Loops": 1, "Inner Unique": false, "Join Filter": "(t.id = mc.movie_id)", "Rows Removed by Join Filter": 0, "Plans": [{"Node Type": "Nested Loop", "Parent Relationship": "Outer", "Parallel Aware": false, "Join Type": "Inner", "Startup Cost": 8.34, "Total Cost": 1409.85, "Plan Rows": 5, "Plan Width": 24, "Actual Startup Time": 3.905, "Actual Total Time": 114.062, "Actual Rows": 2338, "Actual Loops": 1, "Inner Unique": true, "Plans": [{"Node Type": "Nested Loop", "Parent Relationship": "Outer", "Parallel Aware": false, "Join Type": "Inner", "Startup Cost": 7.91, "Total Cost": 1395.13, "Plan Rows": 32, "Plan Width": 4, "Actual Startup Time": 3.281, "Actual Total Time": 52.45, "Actual Rows": 43721, "Actual Loops": 1, "Inner Unique": false, "Plans": [{"Node Type": "Index Scan", "Parent Relationship": "Outer", "Parallel Aware": false, "Scan Direction": "Forward", "Index Name": "keyword_idx_keyword", "Relation Name": "keyword", "Alias": "k", "Startup Cost": 0.29, "Total Cost": 8.31, "Plan Rows": 1, "Plan Width": 4, "Actual Startup Time": 0.017, "Actual Total Time": 0.018, "Actual Rows": 1, "Actual Loops": 1, "Index Cond": "(keyword = 'character-name-in-title'::text)", "Rows Removed by Index Recheck": 0}, {"Node Type": "Bitmap Heap Scan", "Parent Relationship": "Inner", "Parallel Aware": false, "Relation Name": "movie_keyword", "Alias": "mk", "Startup Cost": 7.62, "Total Cost": 1382.7, "Plan Rows": 411, "Plan Width": 8, "Actual Startup Time": 3.262, "Actual Total Time": 49.47, "Actual Rows": 43721, "Actual Loops": 1, "Recheck Cond": "(keyword_id = k.id)", "Rows Removed by Index Recheck": 0, "Exact Heap Blocks": 7334, "Lossy Heap Blocks": 0, "Plans": [{"Node Type": "Bitmap Index Scan", "Parent Relationship": "Outer", "Parallel Aware": false, "Index Name": "movie_keyword_idx_keywordid", "Startup Cost": 0.0, "Total Cost": 7.51, "Plan Rows": 411, "Plan Width": 0, "Actual Startup Time": 2.555, "Actual Total Time": 2.556, "Actual Rows": 43721, "Actual Loops": 1, "Index Cond": "(keyword_id = k.id)"}]}]}, {"Node Type": "Index Scan", "Parent Relationship": "Inner", "Parallel Aware": false, "Scan Direction": "Forward", "Index Name": "title_pkey", "Relation Name": "title", "Alias": "t", "Startup Cost": 0.43, "Total Cost": 0.46, "Plan Rows": 1, "Plan Width": 20, "Actual Startup Time": 0.001, "Actual Total Time": 0.001, "Actual Rows": 0, "Actual Loops": 43721, "Index Cond": "(id = mk.movie_id)", "Rows Removed by Index Recheck": 0, "Filter": "((episode_nr >= 8) AND (episode_nr <= 18))", "Rows Removed by Filter": 0}]}, {"Node Type": "Index Scan", "Parent Relationship": "Inner", "Parallel Aware": false, "Scan Direction": "Forward", "Index Name": "movie_companies_idx_mid", "Relation Name": "movie_companies", "Alias": "mc", "Startup Cost": 0.43, "Total Cost": 0.53, "Plan Rows": 5, "Plan Width": 8, "Actual Startup Time": 0.003, "Actual Total Time": 0.004, "Actual Rows": 2, "Actual Loops": 2338, "Index Cond": "(movie_id = mk.movie_id)", "Rows Removed by Index Recheck": 0}]}, {"Node Type": "Index Scan", "Parent Relationship": "Inner", "Parallel Aware": false, "Scan Direction": "Forward", "Index Name": "company_name_pkey", "Relation Name": "company_name", "Alias": "cn", "Startup Cost": 0.3, "Total Cost": 0.32, "Plan Rows": 1, "Plan Width": 4, "Actual Startup Time": 0.002, "Actual Total Time": 0.002, "Actual Rows": 1, "Actual Loops": 4884, "Index Cond": "(id = mc.company_id)", "Rows Removed by Index Recheck": 0, "Filter": "((country_code)::text = '[us]'::text)", "Rows Removed by Filter": 0}]}, {"Node Type": "Index Scan", "Parent Relationship": "Inner", "Parallel Aware": false, "Scan Direction": "Forward", "Index Name": "cast_info_idx_mid", "Relation Name": "cast_info", "Alias": "ci", "Startup Cost": 0.44, "Total Cost": 1.2, "Plan Rows": 39, "Plan Width": 8, "Actual Startup Time": 0.004, "Actual Total Time": 0.038, "Actual Rows": 32, "Actual Loops": 3396, "Index Cond": "(movie_id = mk.movie_id)", "Rows Removed by Index Recheck": 0}]}, {"Node Type": "Index Only Scan", "Parent Relationship": "Inner", "Parallel Aware": false, "Scan Direction": "Forward", "Index Name": "name_pkey", "Relation Name": "name", "Alias": "n", "Startup Cost": 0.43, "Total Cost": 0.45, "Plan Rows": 1, "Plan Width": 4, "Actual Startup Time": 0.002, "Actual Total Time": 0.002, "Actual Rows": 1, "Actual Loops": 107404, "Index Cond": "(id = ci.person_id)", "Rows Removed by Index Recheck": 0, "Heap Fetches": 107404}]}, {"Node Type": "Index Scan", "Parent Relationship": "Inner", "Parallel Aware": false, "Scan Direction": "Forward", "Index Name": "aka_name_idx_person", "Relation Name": "aka_name", "Alias": "an", "Startup Cost": 0.3, "Total Cost": 0.34, "Plan Rows": 2, "Plan Width": 20, "Actual Startup Time": 0.002, "Actual Total Time": 0.002, "Actual Rows": 2, "Actual Loops": 107404, "Index Cond": "(person_id = n.id)", "Rows Removed by Index Recheck": 0}]}]}, "Planning Time": 11.905, "Triggers": [], "Execution Time": 805.368, "timeout": false}]
["SELECT MIN(an.name) AS cool_actor_pseudonym,\n       MIN(t.title) AS series_named_after_char\nFROM aka_name AS an,\n     cast_info AS ci,\n     company_name AS cn,\n     keyword AS k,\n     movie_companies AS mc,\n     movie_keyword AS mk,\n     name AS n,\n     title AS t\nWHERE cn.country_code ='[us]'\n  AND k.keyword ='character-name-in-title'\n  AND an.person_id = n.id\n  AND n.id = ci.person_id\n  AND ci.movie_id = t.id\n  AND t.id = mk.movie_id\n  AND mk.keyword_id = k.id\n  AND t.id = mc.movie_id\n  AND mc.company_id = cn.id\n  AND an.person_id = ci.person_id\n  AND ci.movie_id = mc.movie_id\n  AND ci.movie_id = mk.movie_id\n  AND mc.movie_id = mk.movie_id\n  AND t.episode_nr BETWEEN 8  AND 18;", {"Plan": {"Node Type": "Aggregate", "Strategy": "Plain", "Partial Mode": "Simple", "Parallel Aware": false, "Startup Cost": 1638.19, "Total Cost": 1638.2, "Plan Rows": 1, "Plan Width": 64, "Actual Startup Time": 800.727, "Actual Total Time": 800.727, "Actual Rows": 1, "Actual Loops": 1, "Plans": [{"Node Type": "Nested Loop", "Parent Relationship": "Outer", "Parallel Aware": false, "Join Type": "Inner", "Startup Cost": 10.25, "Total Cost": 1635.27, "Plan Rows": 584, "Plan Width": 32, "Actual Startup Time": 4.8, "Actual Total Time": 776.116, "Actual Rows": 176762, "Actual Loops": 1, "Inner Unique": false, "Plans": [{"Node Type": "Nested Loop", "Parent Relationship": "Outer", "Parallel Aware": false, "Join Type": "Inner", "Startup Cost": 9.95, "Total Cost": 1548.72, "Plan Rows": 240, "Plan Width": 24, "Actual Startup Time": 4.772, "Actual Total Time": 548.132, "Actual Rows": 107404, "Actual Loops": 1, "Inner Unique": true, "Plans": [{"Node Type": "Nested Loop", "Parent Relationship": "Outer", "Parallel Aware": false, "Join Type": "Inner", "Startup Cost": 9.51, "Total Cost": 1440.33, "Plan Rows": 240, "Plan Width": 20, "Actual Startup Time": 4.73, "Actual Total Time": 266.572, "Actual Rows": 107404, "Actual Loops": 1, "Inner Unique": false, "Join Filter": "(t.id = ci.movie_id)", "Rows Removed by Join Filter": 0, "Plans": [{"Node Type": "Nested Loop", "Parent Relationship": "Outer", "Parallel Aware": false, "Join Type": "Inner", "Startup Cost": 9.07, "Total Cost": 1421.71, "Plan Rows": 11, "Plan Width": 28, "Actual Startup Time": 4.695, "Actual Total Time": 125.902, "Actual Rows": 3396, "Actual Loops": 1, "Inner Unique": true, "Plans": [{"Node Type": "Nested Loop", "Parent Relationship": "Outer", "Parallel Aware": false, "Join Type": "Inner", "Startup Cost": 8.78, "Total Cost": 1412.79, "Plan Rows": 28, "Plan Width": 32, "Actual Startup Time": 4.676, "Actual Total Time": 116.137, "Actual Rows": 4884, "Actual Loops": 1, "Inner Unique": false, "Join Filter": "(t.id = mc.movie_id)", "Rows Removed by Join Filter": 0, "Plans": [{"Node Type": "Nested Loop", "Parent Relationship": "Outer", "Parallel Aware": false, "Join Type": "Inner", "Startup Cost": 8.34, "Total Cost": 1409.85, "Plan Rows": 5, "Plan Width": 24, "Actual Startup Time": 4.652, "Actual Total Time": 106.109, "Actual Rows": 2338, "Actual Loops": 1, "Inner Unique": true, "Plans": [{"Node Type": "Nested Loop", "Parent Relationship": "Outer", "Parallel Aware": false, "Join Type": "Inner", "Startup Cost": 7.91, "Total Cost": 1395.13, "Plan Rows": 32, "Plan Width": 4, "Actual Startup Time": 3.629, "Actual Total Time": 46.39, "Actual Rows": 43721, "Actual Loops": 1, "Inner Unique": false, "Plans": [{"Node Type": "Index Scan", "Parent Relationship": "Outer", "Parallel Aware": false, "Scan Direction": "Forward", "Index Name": "keyword_idx_keyword", "Relation Name": "keyword", "Alias": "k", "Startup Cost": 0.29, "Total Cost": 8.31, "Plan Rows": 1, "Plan Width": 4, "Actual Startup Time": 0.038, "Actual Total Time": 0.039, "Actual Rows": 1, "Actual Loops": 1, "Index Cond": "(keyword = 'character-name-in-title'::text)", "Rows Removed by Index Recheck": 0}, {"Node Type": "Bitmap Heap Scan", "Parent Relationship": "Inner", "Parallel Aware": false, "Relation Name": "movie_keyword", "Alias": "mk", "Startup Cost": 7.62, "Total Cost": 1382.7, "Plan Rows": 411, "Plan Width": 8, "Actual Startup Time": 3.588, "Actual Total Time": 43.564, "Actual Rows": 43721, "Actual Loops": 1, "Recheck Cond": "(keyword_id = k.id)", "Rows Removed by Index Recheck": 0, "Exact Heap Blocks": 7334, "Lossy Heap Blocks": 0, "Plans": [{"Node Type": "Bitmap Index Scan", "Parent Relationship": "Outer", "Parallel Aware": false, "Index Name": "movie_keyword_idx_keywordid", "Startup Cost": 0.0, "Total Cost": 7.51, "Plan Rows": 411, "Plan Width": 0, "Actual Startup Time": 2.93, "Actual Total Time": 2.93, "Actual Rows": 43721, "Actual Loops": 1, "Index Cond": "(keyword_id = k.id)"}]}]}, {"Node Type": "Index Scan", "Parent Relationship": "Inner", "Parallel Aware": false, "Scan Direction": "Forward", "Index Name": "title_pkey", "Relation Name": "title", "Alias": "t", "Startup Cost": 0.43, "Total Cost": 0.46, "Plan Rows": 1, "Plan Width": 20, "Actual Startup Time": 0.001, "Actual Total Time": 0.001, "Actual Rows": 0, "Actual Loops": 43721, "Index Cond": "(id = mk.movie_id)", "Rows Removed by Index Recheck": 0, "Filter": "((episode_nr >= 8) AND (episode_nr <= 18))", "Rows Removed by Filter": 0}]}, {"Node Type": "Index Scan", "Parent Relationship": "Inner", "Parallel Aware": false, "Scan Direction": "Forward", "Index Name": "movie_companies_idx_mid", "Relation Name": "movie_companies", "Alias": "mc", "Startup Cost": 0.43, "Total Cost": 0.53, "Plan Rows": 5, "Plan Width": 8, "Actual Startup Time": 0.003, "Actual Total Time": 0.004, "Actual Rows": 2, "Actual Loops": 2338, "Index Cond": "(movie_id = mk.movie_id)", "Rows Removed by Index Recheck": 0}]}, {"Node Type": "Index Scan", "Parent Relationship": "Inner", "Parallel Aware": false, "Scan Direction": "Forward", "Index Name": "company_name_pkey", "Relation Name": "company_name", "Alias": "cn", "Startup Cost": 0.3, "Total Cost": 0.32, "Plan Rows": 1, "Plan Width": 4, "Actual Startup Time": 0.002, "Actual Total Time": 0.002, "Actual Rows": 1, "Actual Loops": 4884, "Index Cond": "(id = mc.company_id)", "Rows Removed by Index Recheck": 0, "Filter": "((country_code)::text = '[us]'::text)", "Rows Removed by Filter": 0}]}, {"Node Type": "Index Scan", "Parent Relationship": "Inner", "Parallel Aware": false, "Scan Direction": "Forward", "Index Name": "cast_info_idx_mid", "Relation Name": "cast_info", "Alias": "ci", "Startup Cost": 0.44, "Total Cost": 1.2, "Plan Rows": 39, "Plan Width": 8, "Actual Startup Time": 0.004, "Actual Total Time": 0.038, "Actual Rows": 32, "Actual Loops": 3396, "Index Cond": "(movie_id = mk.movie_id)", "Rows Removed by Index Recheck": 0}]}, {"Node Type": "Index Only Scan", "Parent Relationship": "Inner", "Parallel Aware": false, "Scan Direction": "Forward", "Index Name": "name_pkey", "Relation Name": "name", "Alias": "n", "Startup Cost": 0.43, "Total Cost": 0.45, "Plan Rows": 1, "Plan Width": 4, "Actual Startup Time": 0.002, "Actual Total Time": 0.002, "Actual Rows": 1, "Actual Loops": 107404, "Index Cond": "(id = ci.person_id)", "Rows Removed by Index Recheck": 0, "Heap Fetches": 107404}]}, {"Node Type": "Index Scan", "Parent Relationship": "Inner", "Parallel Aware": false, "Scan Direction": "Forward", "Index Name": "aka_name_idx_person", "Relation Name": "aka_name", "Alias": "an", "Startup Cost": 0.3, "Total Cost": 0.34, "Plan Rows": 2, "Plan Width": 20, "Actual Startup Time": 0.002, "Actual Total Time": 0.002, "Actual Rows": 2, "Actual Loops": 107404, "Index Cond": "(person_id = n.id)", "Rows Removed by Index Recheck": 0}]}]}, "Planning Time": 7.496, "Triggers": [], "Execution Time": 800.881, "timeout": false}]
["SELECT MIN(an.name) AS cool_actor_pseudonym,\n       MIN(t.title) AS series_named_after_char\nFROM aka_name AS an,\n     cast_info AS ci,\n     company_name AS cn,\n     keyword AS k,\n     movie_companies AS mc,\n     movie_keyword AS mk,\n     name AS n,\n     title AS t\nWHERE cn.country_code ='[us]'\n  AND k.keyword ='character-name-in-title'\n  AND an.person_id = n.id\n  AND n.id = ci.person_id\n  AND ci.movie_id = t.id\n  AND t.id = mk.movie_id\n  AND mk.keyword_id = k.id\n  AND t.id = mc.movie_id\n  AND mc.company_id = cn.id\n  AND an.person_id = ci.person_id\n  AND ci.movie_id = mc.movie_id\n  AND ci.movie_id = mk.movie_id\n  AND mc.movie_id = mk.movie_id\n  AND t.episode_nr BETWEEN 8  AND 18;", {"Plan": {"Node Type": "Aggregate", "Strategy": "Plain", "Partial Mode": "Simple", "Parallel Aware": false, "Startup Cost": 1638.19, "Total Cost": 1638.2, "Plan Rows": 1, "Plan Width": 64, "Actual Startup Time": 774.644, "Actual Total Time": 774.644, "Actual Rows": 1, "Actual Loops": 1, "Plans": [{"Node Type": "Nested Loop", "Parent Relationship": "Outer", "Parallel Aware": false, "Join Type": "Inner", "Startup Cost": 10.25, "Total Cost": 1635.27, "Plan Rows": 584, "Plan Width": 32, "Actual Startup Time": 3.995, "Actual Total Time": 750.416, "Actual Rows": 176762, "Actual Loops": 1, "Inner Unique": false, "Plans": [{"Node Type": "Nested Loop", "Parent Relationship": "Outer", "Parallel Aware": false, "Join Type": "Inner", "Startup Cost": 9.95, "Total Cost": 1548.72, "Plan Rows": 240, "Plan Width": 24, "Actual Startup Time": 3.983, "Actual Total Time": 530.507, "Actual Rows": 107404, "Actual Loops": 1, "Inner Unique": true, "Plans": [{"Node Type": "Nested Loop", "Parent Relationship": "Outer", "Parallel Aware": false, "Join Type": "Inner", "Startup Cost": 9.51, "Total Cost": 1440.33, "Plan Rows": 240, "Plan Width": 20, "Actual Startup Time": 3.97, "Actual Total Time": 260.234, "Actual Rows": 107404, "Actual Loops": 1, "Inner Unique": false, "Join Filter": "(t.id = ci.movie_id)", "Rows Removed by Join Filter": 0, "Plans": [{"Node Type": "Nested Loop", "Parent Relationship": "Outer", "Parallel Aware": false, "Join Type": "Inner", "Startup Cost": 9.07, "Total Cost": 1421.71, "Plan Rows": 11, "Plan Width": 28, "Actual Startup Time": 3.952, "Actual Total Time": 125.567, "Actual Rows": 3396, "Actual Loops": 1, "Inner Unique": true, "Plans": [{"Node Type": "Nested Loop", "Parent Relationship": "Outer", "Parallel Aware": false, "Join Type": "Inner", "Startup Cost": 8.78, "Total Cost": 1412.79, "Plan Rows": 28, "Plan Width": 32, "Actual Startup Time": 3.949, "Actual Total Time": 115.99, "Actual Rows": 4884, "Actual Loops": 1, "Inner Unique": false, "Join Filter": "(t.id = mc.movie_id)", "Rows Removed by Join Filter": 0, "Plans": [{"Node Type": "Nested Loop", "Parent Relationship": "Outer", "Parallel Aware": false, "Join Type": "Inner", "Startup Cost": 8.34, "Total Cost": 1409.85, "Plan Rows": 5, "Plan Width": 24, "Actual Startup Time": 3.936, "Actual Total Time": 105.933, "Actual Rows": 2338, "Actual Loops": 1, "Inner Unique": true, "Plans": [{"Node Type": "Nested Loop", "Parent Relationship": "Outer", "Parallel Aware": false, "Join Type": "Inner", "Startup Cost": 7.91, "Total Cost": 1395.13, "Plan Rows": 32, "Plan Width": 4, "Actual Startup Time": 3.312, "Actual Total Time": 46.143, "Actual Rows": 43721, "Actual Loops": 1, "Inner Unique": false, "Plans": [{"Node Type": "Index Scan", "Parent Relationship": "Outer", "Parallel Aware": false, "Scan Direction": "Forward", "Index Name": "keyword_idx_keyword", "Relation Name": "keyword", "Alias": "k", "Startup Cost": 0.29, "Total Cost": 8.31, "Plan Rows": 1, "Plan Width": 4, "Actual Startup Time": 0.031, "Actual Total Time": 0.032, "Actual Rows": 1, "Actual Loops": 1, "Index Cond": "(keyword = 'character-name-in-title'::text)", "Rows Removed by Index Recheck": 0}, {"Node Type": "Bitmap Heap Scan", "Parent Relationship": "Inner", "Parallel Aware": false, "Relation Name": "movie_keyword", "Alias": "mk", "Startup Cost": 7.62, "Total Cost": 1382.7, "Plan Rows": 411, "Plan Width": 8, "Actual Startup Time": 3.28, "Actual Total Time": 43.275, "Actual Rows": 43721, "Actual Loops": 1, "Recheck Cond": "(keyword_id = k.id)", "Rows Removed by Index Recheck": 0, "Exact Heap Blocks": 7334, "Lossy Heap Blocks": 0, "Plans": [{"Node Type": "Bitmap Index Scan", "Parent Relationship": "Outer", "Parallel Aware": false, "Index Name": "movie_keyword_idx_keywordid", "Startup Cost": 0.0, "Total Cost": 7.51, "Plan Rows": 411, "Plan Width": 0, "Actual Startup Time": 2.56, "Actual Total Time": 2.56, "Actual Rows": 43721, "Actual Loops": 1, "Index Cond": "(keyword_id = k.id)"}]}]}, {"Node Type": "Index Scan", "Parent Relationship": "Inner", "Parallel Aware": false, "Scan Direction": "Forward", "Index Name": "title_pkey", "Relation Name": "title", "Alias": "t", "Startup Cost": 0.43, "Total Cost": 0.46, "Plan Rows": 1, "Plan Width": 20, "Actual Startup Time": 0.001, "Actual Total Time": 0.001, "Actual Rows": 0, "Actual Loops": 43721, "Index Cond": "(id = mk.movie_id)", "Rows Removed by Index Recheck": 0, "Filter": "((episode_nr >= 8) AND (episode_nr <= 18))", "Rows Removed by Filter": 0}]}, {"Node Type": "Index Scan", "Parent Relationship": "Inner", "Parallel Aware": false, "Scan Direction": "Forward", "Index Name": "movie_companies_idx_mid", "Relation Name": "movie_companies", "Alias": "mc", "Startup Cost": 0.43, "Total Cost": 0.53, "Plan Rows": 5, "Plan Width": 8, "Actual Startup Time": 0.003, "Actual Total Time": 0.004, "Actual Rows": 2, "Actual Loops": 2338, "Index Cond": "(movie_id = mk.movie_id)", "Rows Removed by Index Recheck": 0}]}, {"Node Type": "Index Scan", "Parent Relationship": "Inner", "Parallel Aware": false, "Scan Direction": "Forward", "Index Name": "company_name_pkey", "Relation Name": "company_name", "Alias": "cn", "Startup Cost": 0.3, "Total Cost": 0.32, "Plan Rows": 1, "Plan Width": 4, "Actual Startup Time": 0.002, "Actual Total Time": 0.002, "Actual Rows": 1, "Actual Loops": 4884, "Index Cond": "(id = mc.company_id)", "Rows Removed by Index Recheck": 0, "Filter": "((country_code)::text = '[us]'::text)", "Rows Removed by Filter": 0}]}, {"Node Type": "Index Scan", "Parent Relationship": "Inner", "Parallel Aware": false, "Scan Direction": "Forward", "Index Name": "cast_info_idx_mid", "Relation Name": "cast_info", "Alias": "ci", "Startup Cost": 0.44, "Total Cost": 1.2, "Plan Rows": 39, "Plan Width": 8, "Actual Startup Time": 0.004, "Actual Total Time": 0.037, "Actual Rows": 32, "Actual Loops": 3396, "Index Cond": "(movie_id = mk.movie_id)", "Rows Removed by Index Recheck": 0}]}, {"Node Type": "Index Only Scan", "Parent Relationship": "Inner", "Parallel Aware": false, "Scan Direction": "Forward", "Index Name": "name_pkey", "Relation Name": "name", "Alias": "n", "Startup Cost": 0.43, "Total Cost": 0.45, "Plan Rows": 1, "Plan Width": 4, "Actual Startup Time": 0.002, "Actual Total Time": 0.002, "Actual Rows": 1, "Actual Loops": 107404, "Index Cond": "(id = ci.person_id)", "Rows Removed by Index Recheck": 0, "Heap Fetches": 107404}]}, {"Node Type": "Index Scan", "Parent Relationship": "Inner", "Parallel Aware": false, "Scan Direction": "Forward", "Index Name": "aka_name_idx_person", "Relation Name": "aka_name", "Alias": "an", "Startup Cost": 0.3, "Total Cost": 0.34, "Plan Rows": 2, "Plan Width": 20, "Actual Startup Time": 0.002, "Actual Total Time": 0.002, "Actual Rows": 2, "Actual Loops": 107404, "Index Cond": "(person_id = n.id)", "Rows Removed by Index Recheck": 0}]}]}, "Planning Time": 4.192, "Triggers": [], "Execution Time": 774.68, "timeout": false}]
["SELECT MIN(an.name) AS cool_actor_pseudonym,\n       MIN(t.title) AS series_named_after_char\nFROM aka_name AS an,\n     cast_info AS ci,\n     company_name AS cn,\n     keyword AS k,\n     movie_companies AS mc,\n     movie_keyword AS mk,\n     name AS n,\n     title AS t\nWHERE cn.country_code ='[us]'\n  AND k.keyword ='character-name-in-title'\n  AND an.person_id = n.id\n  AND n.id = ci.person_id\n  AND ci.movie_id = t.id\n  AND t.id = mk.movie_id\n  AND mk.keyword_id = k.id\n  AND t.id = mc.movie_id\n  AND mc.company_id = cn.id\n  AND an.person_id = ci.person_id\n  AND ci.movie_id = mc.movie_id\n  AND ci.movie_id = mk.movie_id\n  AND mc.movie_id = mk.movie_id\n  AND t.episode_nr BETWEEN 8  AND 18;", {"Plan": {"Node Type": "Aggregate", "Strategy": "Plain", "Partial Mode": "Simple", "Parallel Aware": false, "Startup Cost": 1638.19, "Total Cost": 1638.2, "Plan Rows": 1, "Plan Width": 64, "Actual Startup Time": 793.905, "Actual Total Time": 793.905, "Actual Rows": 1, "Actual Loops": 1, "Plans": [{"Node Type": "Nested Loop", "Parent Relationship": "Outer", "Parallel Aware": false, "Join Type": "Inner", "Startup Cost": 10.25, "Total Cost": 1635.27, "Plan Rows": 584, "Plan Width": 32, "Actual Startup Time": 4.459, "Actual Total Time": 770.218, "Actual Rows": 176762, "Actual Loops": 1, "Inner Unique": false, "Plans": [{"Node Type": "Nested Loop", "Parent Relationship": "Outer", "Parallel Aware": false, "Join Type": "Inner", "Startup Cost": 9.95, "Total Cost": 1548.72, "Plan Rows": 240, "Plan Width": 24, "Actual Startup Time": 4.434, "Actual Total Time": 546.681, "Actual Rows": 107404, "Actual Loops": 1, "Inner Unique": true, "Plans": [{"Node Type": "Nested Loop", "Parent Relationship": "Outer", "Parallel Aware": false, "Join Type": "Inner", "Startup Cost": 9.51, "Total Cost": 1440.33, "Plan Rows": 240, "Plan Width": 20, "Actual Startup Time": 4.407, "Actual Total Time": 262.926, "Actual Rows": 107404, "Actual Loops": 1, "Inner Unique": false, "Join Filter": "(t.id = ci.movie_id)", "Rows Removed by Join Filter": 0, "Plans": [{"Node Type": "Nested Loop", "Parent Relationship": "Outer", "Parallel Aware": false, "Join Type": "Inner", "Startup Cost": 9.07, "Total Cost": 1421.71, "Plan Rows": 11, "Plan Width": 28, "Actual Startup Time": 4.374, "Actual Total Time": 124.337, "Actual Rows": 3396, "Actual Loops": 1, "Inner Unique": true, "Plans": [{"Node Type": "Nested Loop", "Parent Relationship": "Outer", "Parallel Aware": false, "Join Type": "Inner", "Startup Cost": 8.78, "Total Cost": 1412.79, "Plan Rows": 28, "Plan Width": 32, "Actual Startup Time": 4.368, "Actual Total Time": 114.749, "Actual Rows": 4884, "Actual Loops": 1, "Inner Unique": false, "Join Filter": "(t.id = mc.movie_id)", "Rows Removed by Join Filter": 0, "Plans": [{"Node Type": "Nested Loop", "Parent Relationship": "Outer", "Parallel Aware": false, "Join Type": "Inner", "Startup Cost": 8.34, "Total Cost": 1409.85, "Plan Rows": 5, "Plan Width": 24, "Actual Startup Time": 4.346, "Actual Total Time": 104.909, "Actual Rows": 2338, "Actual Loops": 1, "Inner Unique": true, "Plans": [{"Node Type": "Nested Loop", "Parent Relationship": "Outer", "Parallel Aware": false, "Join Type": "Inner", "Startup Cost": 7.91, "Total Cost": 1395.13, "Plan Rows": 32, "Plan Width": 4, "Actual Startup Time": 3.416, "Actual Total Time": 45.77, "Actual Rows": 43721, "Actual Loops": 1, "Inner Unique": false, "Plans": [{"Node Type": "Index Scan", "Parent Relationship": "Outer", "Parallel Aware": false, "Scan Direction": "Forward", "Index Name": "keyword_idx_keyword", "Relation Name": "keyword", "Alias": "k", "Startup Cost": 0.29, "Total Cost": 8.31, "Plan Rows": 1, "Plan Width": 4, "Actual Startup Time": 0.033, "Actual Total Time": 0.034, "Actual Rows": 1, "Actual Loops": 1, "Index Cond": "(keyword = 'character-name-in-title'::text)", "Rows Removed by Index Recheck": 0}, {"Node Type": "Bitmap Heap Scan", "Parent Relationship": "Inner", "Parallel Aware": false, "Relation Name": "movie_keyword", "Alias": "mk", "Startup Cost": 7.62, "Total Cost": 1382.7, "Plan Rows": 411, "Plan Width": 8, "Actual Startup Time": 3.381, "Actual Total Time": 42.898, "Actual Rows": 43721, "Actual Loops": 1, "Recheck Cond": "(keyword_id = k.id)", "Rows Removed by Index Recheck": 0, "Exact Heap Blocks": 7334, "Lossy Heap Blocks": 0, "Plans": [{"Node Type": "Bitmap Index Scan", "Parent Relationship": "Outer", "Parallel Aware": false, "Index Name": "movie_keyword_idx_keywordid", "Startup Cost": 0.0, "Total Cost": 7.51, "Plan Rows": 411, "Plan Width": 0, "Actual Startup Time": 2.711, "Actual Total Time": 2.711, "Actual Rows": 43721, "Actual Loops": 1, "Index Cond": "(keyword_id = k.id)"}]}]}, {"Node Type": "Index Scan", "Parent Relationship": "Inner", "Parallel Aware": false, "Scan Direction": "Forward", "Index Name": "title_pkey", "Relation Name": "title", "Alias": "t", "Startup Cost": 0.43, "Total Cost": 0.46, "Plan Rows": 1, "Plan Width": 20, "Actual Startup Time": 0.001, "Actual Total Time": 0.001, "Actual Rows": 0, "Actual Loops": 43721, "Index Cond": "(id = mk.movie_id)", "Rows Removed by Index Recheck": 0, "Filter": "((episode_nr >= 8) AND (episode_nr <= 18))", "Rows Removed by Filter": 0}]}, {"Node Type": "Index Scan", "Parent Relationship": "Inner", "Parallel Aware": false, "Scan Direction": "Forward", "Index Name": "movie_companies_idx_mid", "Relation Name": "movie_companies", "Alias": "mc", "Startup Cost": 0.43, "Total Cost": 0.53, "Plan Rows": 5, "Plan Width": 8, "Actual Startup Time": 0.003, "Actual Total Time": 0.004, "Actual Rows": 2, "Actual Loops": 2338, "Index Cond": "(movie_id = mk.movie_id)", "Rows Removed by Index Recheck": 0}]}, {"Node Type": "Index Scan", "Parent Relationship": "Inner", "Parallel Aware": false, "Scan Direction": "Forward", "Index Name": "company_name_pkey", "Relation Name": "company_name", "Alias": "cn", "Startup Cost": 0.3, "Total Cost": 0.32, "Plan Rows": 1, "Plan Width": 4, "Actual Startup Time": 0.002, "Actual Total Time": 0.002, "Actual Rows": 1, "Actual Loops": 4884, "Index Cond": "(id = mc.company_id)", "Rows Removed by Index Recheck": 0, "Filter": "((country_code)::text = '[us]'::text)", "Rows Removed by Filter": 0}]}, {"Node Type": "Index Scan", "Parent Relationship": "Inner", "Parallel Aware": false, "Scan Direction": "Forward", "Index Name": "cast_info_idx_mid", "Relation Name": "cast_info", "Alias": "ci", "Startup Cost": 0.44, "Total Cost": 1.2, "Plan Rows": 39, "Plan Width": 8, "Actual Startup Time": 0.004, "Actual Total Time": 0.038, "Actual Rows": 32, "Actual Loops": 3396, "Index Cond": "(movie_id = mk.movie_id)", "Rows Removed by Index Recheck": 0}]}, {"Node Type": "Index Only Scan", "Parent Relationship": "Inner", "Parallel Aware": false, "Scan Direction": "Forward", "Index Name": "name_pkey", "Relation Name": "name", "Alias": "n", "Startup Cost": 0.43, "Total Cost": 0.45, "Plan Rows": 1, "Plan Width": 4, "Actual Startup Time": 0.002, "Actual Total Time": 0.002, "Actual Rows": 1, "Actual Loops": 107404, "Index Cond": "(id = ci.person_id)", "Rows Removed by Index Recheck": 0, "Heap Fetches": 107404}]}, {"Node Type": "Index Scan", "Parent Relationship": "Inner", "Parallel Aware": false, "Scan Direction": "Forward", "Index Name": "aka_name_idx_person", "Relation Name": "aka_name", "Alias": "an", "Startup Cost": 0.3, "Total Cost": 0.34, "Plan Rows": 2, "Plan Width": 20, "Actual Startup Time": 0.002, "Actual Total Time": 0.002, "Actual Rows": 2, "Actual Loops": 107404, "Index Cond": "(person_id = n.id)", "Rows Removed by Index Recheck": 0}]}]}, "Planning Time": 6.147, "Triggers": [], "Execution Time": 794.038, "timeout": false}]
["SELECT MIN(an.name) AS cool_actor_pseudonym,\n       MIN(t.title) AS series_named_after_char\nFROM aka_name AS an,\n     cast_info AS ci,\n     company_name AS cn,\n     keyword AS k,\n     movie_companies AS mc,\n     movie_keyword AS mk,\n     name AS n,\n     title AS t\nWHERE cn.country_code ='[us]'\n  AND k.keyword ='character-name-in-title'\n  AND an.person_id = n.id\n  AND n.id = ci.person_id\n  AND ci.movie_id = t.id\n  AND t.id = mk.movie_id\n  AND mk.keyword_id = k.id\n  AND t.id = mc.movie_id\n  AND mc.company_id = cn.id\n  AND an.person_id = ci.person_id\n  AND ci.movie_id = mc.movie_id\n  AND ci.movie_id = mk.movie_id\n  AND mc.movie_id = mk.movie_id\n  AND t.episode_nr BETWEEN 8  AND 18;", {"Plan": {"Node Type": "Aggregate", "Strategy": "Plain", "Partial Mode": "Simple", "Parallel Aware": false, "Startup Cost": 1638.19, "Total Cost": 1638.2, "Plan Rows": 1, "Plan Width": 64, "Actual Startup Time": 757.089, "Actual Total Time": 757.089, "Actual Rows": 1, "Actual Loops": 1, "Plans": [{"Node Type": "Nested Loop", "Parent Relationship": "Outer", "Parallel Aware": false, "Join Type": "Inner", "Startup Cost": 10.25, "Total Cost": 1635.27, "Plan Rows": 584, "Plan Width": 32, "Actual Startup Time": 3.753, "Actual Total Time": 733.22, "Actual Rows": 176762, "Actual Loops": 1, "Inner Unique": false, "Plans": [{"Node Type": "Nested Loop", "Parent Relationship": "Outer", "Parallel Aware": false, "Join Type": "Inner", "Startup Cost": 9.95, "Total Cost": 1548.72, "Plan Rows": 240, "Plan Width": 24, "Actual Startup Time": 3.741, "Actual Total Time": 515.349, "Actual Rows": 107404, "Actual Loops": 1, "Inner Unique": true, "Plans": [{"Node Type": "Nested Loop", "Parent Relationship": "Outer", "Parallel Aware": false, "Join Type": "Inner", "Startup Cost": 9.51, "Total Cost": 1440.33, "Plan Rows": 240, "Plan Width": 20, "Actual Startup Time": 3.728, "Actual Total Time": 248.681, "Actual Rows": 107404, "Actual Loops": 1, "Inner Unique": false, "Join Filter": "(t.id = ci.movie_id)", "Rows Removed by Join Filter": 0, "Plans": [{"Node Type": "Nested Loop", "Parent Relationship": "Outer", "Parallel Aware": false, "Join Type": "Inner", "Startup Cost": 9.07, "Total Cost": 1421.71, "Plan Rows": 11, "Plan Width": 28, "Actual Startup Time": 3.714, "Actual Total Time": 119.452, "Actual Rows": 3396, "Actual Loops": 1, "Inner Unique": true, "Plans": [{"Node Type": "Nested Loop", "Parent Relationship": "Outer", "Parallel Aware": false, "Join Type": "Inner", "Startup Cost": 8.78, "Total Cost": 1412.79, "Plan Rows": 28, "Plan Width": 32, "Actual Startup Time": 3.711, "Actual Total Time": 109.959, "Actual Rows": 4884, "Actual Loops": 1, "Inner Unique": false, "Join Filter": "(t.id = mc.movie_id)", "Rows Removed by Join Filter": 0, "Plans": [{"Node Type": "Nested Loop", "Parent Relationship": "Outer", "Parallel Aware": false, "Join Type": "Inner", "Startup Cost": 8.34, "Total Cost": 1409.85, "Plan Rows": 5, "Plan Width": 24, "Actual Startup Time": 3.7, "Actual Total Time": 100.584, "Actual Rows": 2338, "Actual Loops": 1, "Inner Unique": true, "Plans": [{"Node Type": "Nested Loop", "Parent Relationship": "Outer", "Parallel Aware": false, "Join Type": "Inner", "Startup Cost": 7.91, "Total Cost": 1395.13, "Plan Rows": 32, "Plan Width": 4, "Actual Startup Time": 3.103, "Actual Total Time": 43.35, "Actual Rows": 43721, "Actual Loops": 1, "Inner Unique": false, "Plans": [{"Node Type": "Index Scan", "Parent Relationship": "Outer", "Parallel Aware": false, "Scan Direction": "Forward", "Index Name": "keyword_idx_keyword", "Relation Name": "keyword", "Alias": "k", "Startup Cost": 0.29, "Total Cost": 8.31, "Plan Rows": 1, "Plan Width": 4, "Actual Startup Time": 0.014, "Actual Total Time": 0.015, "Actual Rows": 1, "Actual Loops": 1, "Index Cond": "(keyword = 'character-name-in-title'::text)", "Rows Removed by Index Recheck": 0}, {"Node Type": "Bitmap Heap Scan", "Parent Relationship": "Inner", "Parallel Aware": false, "Relation Name": "movie_keyword", "Alias": "mk", "Startup Cost": 7.62, "Total Cost": 1382.7, "Plan Rows": 411, "Plan Width": 8, "Actual Startup Time": 3.087, "Actual Total Time": 40.558, "Actual Rows": 43721, "Actual Loops": 1, "Recheck Cond": "(keyword_id = k.id)", "Rows Removed by Index Recheck": 0, "Exact Heap Blocks": 7334, "Lossy Heap Blocks": 0, "Plans": [{"Node Type": "Bitmap Index Scan", "Parent Relationship": "Outer", "Parallel Aware": false, "Index Name": "movie_keyword_idx_keywordid", "Startup Cost": 0.0, "Total Cost": 7.51, "Plan Rows": 411, "Plan Width": 0, "Actual Startup Time": 2.402, "Actual Total Time": 2.402, "Actual Rows": 43721, "Actual Loops": 1, "Index Cond": "(keyword_id = k.id)"}]}]}, {"Node Type": "Index Scan", "Parent Relationship": "Inner", "Parallel Aware": false, "Scan Direction": "Forward", "Index Name": "title_pkey", "Relation Name": "title", "Alias": "t", "Startup Cost": 0.43, "Total Cost": 0.46, "Plan Rows": 1, "Plan Width": 20, "Actual Startup Time": 0.001, "Actual Total Time": 0.001, "Actual Rows": 0, "Actual Loops": 43721, "Index Cond": "(id = mk.movie_id)", "Rows Removed by Index Recheck": 0, "Filter": "((episode_nr >= 8) AND (episode_nr <= 18))", "Rows Removed by Filter": 0}]}, {"Node Type": "Index Scan", "Parent Relationship": "Inner", "Parallel Aware": false, "Scan Direction": "Forward", "Index Name": "movie_companies_idx_mid", "Relation Name": "movie_companies", "Alias": "mc", "Startup Cost": 0.43, "Total Cost": 0.53, "Plan Rows": 5, "Plan Width": 8, "Actual Startup Time": 0.003, "Actual Total Time": 0.004, "Actual Rows": 2, "Actual Loops": 2338, "Index Cond": "(movie_id = mk.movie_id)", "Rows Removed by Index Recheck": 0}]}, {"Node Type": "Index Scan", "Parent Relationship": "Inner", "Parallel Aware": false, "Scan Direction": "Forward", "Index Name": "company_name_pkey", "Relation Name": "company_name", "Alias": "cn", "Startup Cost": 0.3, "Total Cost": 0.32, "Plan Rows": 1, "Plan Width": 4, "Actual Startup Time": 0.002, "Actual Total Time": 0.002, "Actual Rows": 1, "Actual Loops": 4884, "Index Cond": "(id = mc.company_id)", "Rows Removed by Index Recheck": 0, "Filter": "((country_code)::text = '[us]'::text)", "Rows Removed by Filter": 0}]}, {"Node Type": "Index Scan", "Parent Relationship": "Inner", "Parallel Aware": false, "Scan Direction": "Forward", "Index Name": "cast_info_idx_mid", "Relation Name": "cast_info", "Alias": "ci", "Startup Cost": 0.44, "Total Cost": 1.2, "Plan Rows": 39, "Plan Width": 8, "Actual Startup Time": 0.003, "Actual Total Time": 0.035, "Actual Rows": 32, "Actual Loops": 3396, "Index Cond": "(movie_id = mk.movie_id)", "Rows Removed by Index Recheck": 0}]}, {"Node Type": "Index Only Scan", "Parent Relationship": "Inner", "Parallel Aware": false, "Scan Direction": "Forward", "Index Name": "name_pkey", "Relation Name": "name", "Alias": "n", "Startup Cost": 0.43, "Total Cost": 0.45, "Plan Rows": 1, "Plan Width": 4, "Actual Startup Time": 0.002, "Actual Total Time": 0.002, "Actual Rows": 1, "Actual Loops": 107404, "Index Cond": "(id = ci.person_id)", "Rows Removed by Index Recheck": 0, "Heap Fetches": 107404}]}, {"Node Type": "Index Scan", "Parent Relationship": "Inner", "Parallel Aware": false, "Scan Direction": "Forward", "Index Name": "aka_name_idx_person", "Relation Name": "aka_name", "Alias": "an", "Startup Cost": 0.3, "Total Cost": 0.34, "Plan Rows": 2, "Plan Width": 20, "Actual Startup Time": 0.002, "Actual Total Time": 0.002, "Actual Rows": 2, "Actual Loops": 107404, "Index Cond": "(person_id = n.id)", "Rows Removed by Index Recheck": 0}]}]}, "Planning Time": 4.205, "Triggers": [], "Execution Time": 757.126, "timeout": false}]
